
# Modulus: B81915BC0A2222F4B 68 bits - prime: address 8 bit, block 26 bit

processing block 255
processed block 255 in 4.8 sec. with result 0 
processing block 254
processed block 254 in 4.2 sec. with result 0 
processing block 253
processed block 253 in 3.9 sec. with result 0 
processing block 252
processed block 252 in 3.9 sec. with result 0 
processing block 251
processed block 251 in 4.0 sec. with result 0 
processing block 250
processed block 250 in 3.9 sec. with result 0 
processing block 249
processed block 249 in 3.9 sec. with result 0 
processing block 248
processed block 248 in 3.9 sec. with result 0 
processing block 247
processed block 247 in 4.2 sec. with result 0 
processing block 246
processed block 246 in 4.4 sec. with result 0 
processing block 245
processed block 245 in 5.1 sec. with result 0 
processing block 244
processed block 244 in 5.4 sec. with result 0 
processing block 243
processed block 243 in 5.4 sec. with result 0 
processing block 242
processed block 242 in 5.3 sec. with result 0 
processing block 241
processed block 241 in 5.2 sec. with result 0 
processing block 240
processed block 240 in 5.1 sec. with result 0 
processing block 239
processed block 239 in 4.3 sec. with result 0 
processing block 238
processed block 238 in 4.2 sec. with result 0 
processing block 237
processed block 237 in 4.4 sec. with result 0 
processing block 236
processed block 236 in 4.3 sec. with result 0 
processing block 235
processed block 235 in 4.7 sec. with result 0 
processing block 234
processed block 234 in 4.9 sec. with result 0 
processing block 233
processed block 233 in 5.6 sec. with result 0 
processing block 232
processed block 232 in 4.9 sec. with result 0 
processing block 231
processed block 231 in 4.9 sec. with result 0 
processing block 230
processed block 230 in 5.2 sec. with result 0 
processing block 229
processed block 229 in 5.0 sec. with result 0 
processing block 228
processed block 228 in 5.2 sec. with result 0 
processing block 227
processed block 227 in 5.0 sec. with result 0 
processing block 226
processed block 226 in 4.9 sec. with result 0 
processing block 225
processed block 225 in 5.1 sec. with result 0 
processing block 224
processed block 224 in 4.8 sec. with result 0 
processing block 223
processed block 223 in 4.8 sec. with result 0 
processing block 222
processed block 222 in 4.9 sec. with result 0 
processing block 221
processed block 221 in 2.2 sec. with result 1 
FOUND: 375C8B8B3

real	2m41.694s
user	2m41.307s
sys	0m0.002s
