\BOOKMARK [1][-]{section.1}{\376\377\000O\000b\000i\000e\000t\000t\000i\000v\000o}{}% 1
\BOOKMARK [1][-]{section.2}{\376\377\000T\000i\000m\000i\000n\000g}{}% 2
\BOOKMARK [2][-]{subsection.2.1}{\376\377\000R\000i\000s\000u\000l\000t\000a\000t\000i\000\040\000P\000C}{section.2}% 3
\BOOKMARK [2][-]{subsection.2.2}{\376\377\000R\000i\000s\000u\000l\000t\000a\000t\000i\000\040\000C\000l\000u\000s\000t\000e\000r}{section.2}% 4
\BOOKMARK [1][-]{section.3}{\376\377\000M\000a\000t\000r\000i\000x\000\040\000M\000u\000l}{}% 5
\BOOKMARK [2][-]{subsection.3.1}{\376\377\000C\000o\000s\000a\000\040\000f\000a}{section.3}% 6
\BOOKMARK [3][-]{subsubsection.3.1.1}{\376\377\000m\000m\000.\000c}{subsection.3.1}% 7
\BOOKMARK [3][-]{subsubsection.3.1.2}{\376\377\000C\000o\000s\000a\000\040\000f\000a\000\040\000o\000m\000p\000\137\000m\000m\000.\000c}{subsection.3.1}% 8
\BOOKMARK [2][-]{subsection.3.2}{\376\377\000C\000P\000U}{section.3}% 9
\BOOKMARK [3][-]{subsubsection.3.2.1}{\376\377\000m\000m\000.\000s\000l\000u\000r\000m}{subsection.3.2}% 10
\BOOKMARK [3][-]{subsubsection.3.2.2}{\376\377\000o\000m\000p\000\137\000m\000m\000\137\000s\000c\000a\000l\000i\000n\000g\000.\000s\000l\000u\000r\000m}{subsection.3.2}% 11
\BOOKMARK [2][-]{subsection.3.3}{\376\377\000G\000P\000U}{section.3}% 12
\BOOKMARK [3][-]{subsubsection.3.3.1}{\376\377\000m\000a\000t\000r\000i\000x\000M\000u\000l\000.\000s\000l\000u\000r\000m}{subsection.3.3}% 13
\BOOKMARK [2][-]{subsection.3.4}{\376\377\000P\000l\000o\000t\000t\000i\000n\000g}{section.3}% 14
\BOOKMARK [1][-]{section.4}{\376\377\000B\000a\000n\000d\000-\000l\000a\000t\000e\000n\000c\000y}{}% 15
\BOOKMARK [2][-]{subsection.4.1}{\376\377\000B\000a\000n\000d}{section.4}% 16
\BOOKMARK [2][-]{subsection.4.2}{\376\377\000L\000a\000t\000e\000n\000c\000y}{section.4}% 17
\BOOKMARK [1][-]{section.5}{\376\377\000D\000i\000s\000k\000t\000e\000s\000t}{}% 18
\BOOKMARK [2][-]{subsection.5.1}{\376\377\000R\000e\000s\000u\000l\000t\000s\000\040\000P\000C}{section.5}% 19
\BOOKMARK [2][-]{subsection.5.2}{\376\377\000C\000l\000u\000s\000t\000e\000r}{section.5}% 20
\BOOKMARK [2][-]{subsection.5.3}{\376\377\000R\000e\000s\000u\000l\000t\000s\000\040\000C\000l\000u\000s\000t\000e\000r}{section.5}% 21
