/var/spool/slurm/slurmd/job2485102/slurm_script: line 2: BATCH: command not found
####################################
Running in: /hpc/home/federico.becchi
---- disktest output ----
Write to file:
2048+0 records in
2048+0 records out
2147483648 bytes (2.1 GB) copied, 7.06106 s, 304 MB/s

Read from file:
2048+0 records in
2048+0 records out
2147483648 bytes (2.1 GB) copied, 0.631048 s, 3.4 GB/s
------------------------
####################################
Running in: /hpc/scratch/federico.becchi
---- disktest output ----
Write to file:
2048+0 records in
2048+0 records out
2147483648 bytes (2.1 GB) copied, 2.42872 s, 884 MB/s

Read from file:
2048+0 records in
2048+0 records out
2147483648 bytes (2.1 GB) copied, 0.856719 s, 2.5 GB/s
------------------------
ARCHIVE not defined, skipping
####################################
JOB FINISHED

